  Application.cpp
c:\program files (x86)\windows kits\10\include\10.0.17134.0\shared\minwindef.h(130): warning C4005: 'APIENTRY': macro redefinition
  c:\users\compu\desktop\sp2\sp2 day1\sp2framework\glfw\include\glfw\glfw3.h(98): note: see previous definition of 'APIENTRY'
  Collision.cpp
  GUIFont.cpp
  GUIManager.cpp
  GUIText.cpp
  LightSource.cpp
  Manager.cpp
  Mesh.cpp
  OBB.cpp
  Primitives.cpp
  SceneA2.cpp
  ShaderProgram.cpp
  Utility.cpp
  Generating code
  150 of 2370 functions ( 6.3%) were compiled, the rest were copied from previous compilation.
    3 functions were new in current compilation
    109 functions had inline decision re-evaluated but remain unchanged
  Finished generating code
  OpenGL.vcxproj -> C:\Users\compu\Desktop\SP2\SP2 Day1\SP2Framework\Release\OpenGL.exe
