c:\users\elson\desktop\sp2\sp2framework\opengl\release\vc141.pdb
c:\users\elson\desktop\sp2\sp2framework\opengl\release\loadtga.obj
c:\users\elson\desktop\sp2\sp2framework\opengl\release\scenea2.obj
c:\users\elson\desktop\sp2\sp2framework\opengl\release\freelookcamera.obj
c:\users\elson\desktop\sp2\sp2framework\opengl\release\primitives.obj
c:\users\elson\desktop\sp2\sp2framework\opengl\release\lightsource.obj
c:\users\elson\desktop\sp2\sp2framework\opengl\release\camera.obj
c:\users\elson\desktop\sp2\sp2framework\opengl\release\primitive.obj
c:\users\elson\desktop\sp2\sp2framework\opengl\release\manager.obj
c:\users\elson\desktop\sp2\sp2framework\opengl\release\shader.obj
c:\users\elson\desktop\sp2\sp2framework\opengl\release\shaderprogram.obj
c:\users\elson\desktop\sp2\sp2framework\opengl\release\guichar.obj
c:\users\elson\desktop\sp2\sp2framework\opengl\release\guimanager.obj
c:\users\elson\desktop\sp2\sp2framework\opengl\release\guifont.obj
c:\users\elson\desktop\sp2\sp2framework\opengl\release\guitext.obj
c:\users\elson\desktop\sp2\sp2framework\opengl\release\obb.obj
c:\users\elson\desktop\sp2\sp2framework\opengl\release\collision.obj
c:\users\elson\desktop\sp2\sp2framework\opengl\release\player.obj
c:\users\elson\desktop\sp2\sp2framework\opengl\release\car.obj
c:\users\elson\desktop\sp2\sp2framework\opengl\release\octcube.obj
c:\users\elson\desktop\sp2\sp2framework\opengl\release\transformation.obj
c:\users\elson\desktop\sp2\sp2framework\opengl\release\texture.obj
c:\users\elson\desktop\sp2\sp2framework\opengl\release\utility.obj
c:\users\elson\desktop\sp2\sp2framework\opengl\release\main.obj
c:\users\elson\desktop\sp2\sp2framework\opengl\release\application.obj
c:\users\elson\desktop\sp2\sp2framework\opengl\release\mesh.obj
c:\users\elson\desktop\sp2\sp2framework\opengl\release\octnode.obj
c:\users\elson\desktop\sp2\sp2framework\opengl\release\quadtree.obj
c:\users\elson\desktop\sp2\sp2framework\opengl\release\quadnode.obj
c:\users\compu\desktop\sp2\sp2 day1\sp2framework\opengl\release\vc141.pdb
c:\users\compu\desktop\sp2\sp2 day1\sp2framework\opengl\release\loadtga.obj
c:\users\compu\desktop\sp2\sp2 day1\sp2framework\opengl\release\freelookcamera.obj
c:\users\compu\desktop\sp2\sp2 day1\sp2framework\opengl\release\primitives.obj
c:\users\compu\desktop\sp2\sp2 day1\sp2framework\opengl\release\lightsource.obj
c:\users\compu\desktop\sp2\sp2 day1\sp2framework\opengl\release\camera.obj
c:\users\compu\desktop\sp2\sp2 day1\sp2framework\opengl\release\primitive.obj
c:\users\compu\desktop\sp2\sp2 day1\sp2framework\opengl\release\manager.obj
c:\users\compu\desktop\sp2\sp2 day1\sp2framework\opengl\release\shader.obj
c:\users\compu\desktop\sp2\sp2 day1\sp2framework\opengl\release\shaderprogram.obj
c:\users\compu\desktop\sp2\sp2 day1\sp2framework\opengl\release\guichar.obj
c:\users\compu\desktop\sp2\sp2 day1\sp2framework\opengl\release\guimanager.obj
c:\users\compu\desktop\sp2\sp2 day1\sp2framework\opengl\release\guifont.obj
c:\users\compu\desktop\sp2\sp2 day1\sp2framework\opengl\release\guitext.obj
c:\users\compu\desktop\sp2\sp2 day1\sp2framework\opengl\release\obb.obj
c:\users\compu\desktop\sp2\sp2 day1\sp2framework\opengl\release\collision.obj
c:\users\compu\desktop\sp2\sp2 day1\sp2framework\opengl\release\player.obj
c:\users\compu\desktop\sp2\sp2 day1\sp2framework\opengl\release\car.obj
c:\users\compu\desktop\sp2\sp2 day1\sp2framework\opengl\release\quadtree.obj
c:\users\compu\desktop\sp2\sp2 day1\sp2framework\opengl\release\quadnode.obj
c:\users\compu\desktop\sp2\sp2 day1\sp2framework\opengl\release\transformation.obj
c:\users\compu\desktop\sp2\sp2 day1\sp2framework\opengl\release\texture.obj
c:\users\compu\desktop\sp2\sp2 day1\sp2framework\opengl\release\utility.obj
c:\users\compu\desktop\sp2\sp2 day1\sp2framework\opengl\release\main.obj
c:\users\compu\desktop\sp2\sp2 day1\sp2framework\opengl\release\application.obj
c:\users\compu\desktop\sp2\sp2 day1\sp2framework\opengl\release\mesh.obj
c:\users\compu\desktop\sp2\sp2 day1\sp2framework\opengl\release\scenea2.obj
c:\users\elson\desktop\sp2\sp2framework\release\opengl.exe
c:\users\elson\desktop\sp2\sp2framework\release\opengl.pdb
c:\users\elson\desktop\sp2\sp2framework\release\opengl.ipdb
c:\users\elson\desktop\sp2\sp2framework\release\opengl.iobj
c:\users\compu\desktop\sp2\sp2 day1\sp2framework\opengl\release\octcube.obj
c:\users\compu\desktop\sp2\sp2 day1\sp2framework\opengl\release\octnode.obj
c:\users\compu\desktop\sp2\sp2 day1\sp2framework\release\opengl.pdb
c:\users\compu\desktop\sp2\sp2 day1\sp2framework\opengl\release\opengl.tlog\cl.command.1.tlog
c:\users\compu\desktop\sp2\sp2 day1\sp2framework\opengl\release\opengl.tlog\cl.read.1.tlog
c:\users\compu\desktop\sp2\sp2 day1\sp2framework\opengl\release\opengl.tlog\cl.write.1.tlog
c:\users\compu\desktop\sp2\sp2 day1\sp2framework\opengl\release\opengl.tlog\link.command.1.tlog
c:\users\compu\desktop\sp2\sp2 day1\sp2framework\opengl\release\opengl.tlog\link.read.1.tlog
c:\users\compu\desktop\sp2\sp2 day1\sp2framework\opengl\release\opengl.tlog\link.write.1.tlog
c:\users\compu\desktop\sp2\sp2 day1\sp2framework\opengl\release\opengl.tlog\opengl.write.1u.tlog
